<?xml version="1.0" encoding="UTF-8"?>
<testsuite name="com.springboot.book.springboot.web.dto.ByeResponseDtoTest" tests="1" skipped="0" failures="0" errors="0" timestamp="2020-08-20T13:50:40" hostname="kkulbeol-uidalkomhan-yeohaeng.local" time="0.05">
  <properties/>
  <testcase name="롬복기능_테스트_연습" classname="com.springboot.book.springboot.web.dto.ByeResponseDtoTest" time="0.05"/>
  <system-out><![CDATA[]]></system-out>
  <system-err><![CDATA[]]></system-err>
</testsuite>
