<?xml version="1.0" encoding="UTF-8"?>
<testsuite name="com.springboot.book.springboot.web.IndexControllerTest" tests="1" skipped="0" failures="0" errors="0" timestamp="2020-08-13T13:37:46" hostname="kkulbeol-uidalkomhan-yeohaeng.local" time="0.224">
  <properties/>
  <testcase name="메인페이지_로딩" classname="com.springboot.book.springboot.web.IndexControllerTest" time="0.224"/>
  <system-out><![CDATA[22:37:42.591 [Test worker] DEBUG org.springframework.test.context.junit4.SpringJUnit4ClassRunner - SpringJUnit4ClassRunner constructor called with [class com.springboot.book.springboot.web.IndexControllerTest]
22:37:42.599 [Test worker] DEBUG org.springframework.test.context.BootstrapUtils - Instantiating CacheAwareContextLoaderDelegate from class [org.springframework.test.context.cache.DefaultCacheAwareContextLoaderDelegate]
22:37:42.605 [Test worker] DEBUG org.springframework.test.context.BootstrapUtils - Instantiating BootstrapContext using constructor [public org.springframework.test.context.support.DefaultBootstrapContext(java.lang.Class,org.springframework.test.context.CacheAwareContextLoaderDelegate)]
22:37:42.618 [Test worker] DEBUG org.springframework.test.context.BootstrapUtils - Instantiating TestContextBootstrapper for test class [com.springboot.book.springboot.web.IndexControllerTest] from class [org.springframework.boot.test.context.SpringBootTestContextBootstrapper]
22:37:42.626 [Test worker] INFO org.springframework.boot.test.context.SpringBootTestContextBootstrapper - Neither @ContextConfiguration nor @ContextHierarchy found for test class [com.springboot.book.springboot.web.IndexControllerTest], using SpringBootContextLoader
22:37:42.628 [Test worker] DEBUG org.springframework.test.context.support.AbstractContextLoader - Did not detect default resource location for test class [com.springboot.book.springboot.web.IndexControllerTest]: class path resource [com/springboot/book/springboot/web/IndexControllerTest-context.xml] does not exist
22:37:42.629 [Test worker] DEBUG org.springframework.test.context.support.AbstractContextLoader - Did not detect default resource location for test class [com.springboot.book.springboot.web.IndexControllerTest]: class path resource [com/springboot/book/springboot/web/IndexControllerTestContext.groovy] does not exist
22:37:42.630 [Test worker] INFO org.springframework.test.context.support.AbstractContextLoader - Could not detect default resource locations for test class [com.springboot.book.springboot.web.IndexControllerTest]: no resource found for suffixes {-context.xml, Context.groovy}.
22:37:42.630 [Test worker] INFO org.springframework.test.context.support.AnnotationConfigContextLoaderUtils - Could not detect default configuration classes for test class [com.springboot.book.springboot.web.IndexControllerTest]: IndexControllerTest does not declare any static, non-private, non-final, nested classes annotated with @Configuration.
22:37:42.659 [Test worker] DEBUG org.springframework.test.context.support.ActiveProfilesUtils - Could not find an 'annotation declaring class' for annotation type [org.springframework.test.context.ActiveProfiles] and class [com.springboot.book.springboot.web.IndexControllerTest]
22:37:42.725 [Test worker] DEBUG org.springframework.context.annotation.ClassPathScanningCandidateComponentProvider - Identified candidate component class: file [/Users/aratishappy/intelliJ/springboot2-webservice/build/classes/java/main/com/springboot/book/springboot/Application.class]
22:37:42.726 [Test worker] INFO org.springframework.boot.test.context.SpringBootTestContextBootstrapper - Found @SpringBootConfiguration com.springboot.book.springboot.Application for test class com.springboot.book.springboot.web.IndexControllerTest
22:37:42.784 [Test worker] DEBUG org.springframework.boot.test.context.SpringBootTestContextBootstrapper - @TestExecutionListeners is not present for class [com.springboot.book.springboot.web.IndexControllerTest]: using defaults.
22:37:42.784 [Test worker] INFO org.springframework.boot.test.context.SpringBootTestContextBootstrapper - Loaded default TestExecutionListener class names from location [META-INF/spring.factories]: [org.springframework.boot.test.autoconfigure.restdocs.RestDocsTestExecutionListener, org.springframework.boot.test.autoconfigure.web.client.MockRestServiceServerResetTestExecutionListener, org.springframework.boot.test.autoconfigure.web.servlet.MockMvcPrintOnlyOnFailureTestExecutionListener, org.springframework.boot.test.autoconfigure.web.servlet.WebDriverTestExecutionListener, org.springframework.boot.test.mock.mockito.MockitoTestExecutionListener, org.springframework.boot.test.mock.mockito.ResetMocksTestExecutionListener, org.springframework.test.context.web.ServletTestExecutionListener, org.springframework.test.context.support.DirtiesContextBeforeModesTestExecutionListener, org.springframework.test.context.support.DependencyInjectionTestExecutionListener, org.springframework.test.context.support.DirtiesContextTestExecutionListener, org.springframework.test.context.transaction.TransactionalTestExecutionListener, org.springframework.test.context.jdbc.SqlScriptsTestExecutionListener]
22:37:42.794 [Test worker] INFO org.springframework.boot.test.context.SpringBootTestContextBootstrapper - Using TestExecutionListeners: [org.springframework.test.context.web.ServletTestExecutionListener@7e4e24c, org.springframework.test.context.support.DirtiesContextBeforeModesTestExecutionListener@11b99a66, org.springframework.boot.test.mock.mockito.MockitoTestExecutionListener@2f0459e6, org.springframework.boot.test.autoconfigure.SpringBootDependencyInjectionTestExecutionListener@43b530, org.springframework.test.context.support.DirtiesContextTestExecutionListener@2095c1f6, org.springframework.test.context.transaction.TransactionalTestExecutionListener@7da20528, org.springframework.test.context.jdbc.SqlScriptsTestExecutionListener@70e4a813, org.springframework.boot.test.autoconfigure.restdocs.RestDocsTestExecutionListener@6d13690a, org.springframework.boot.test.autoconfigure.web.client.MockRestServiceServerResetTestExecutionListener@63079f2f, org.springframework.boot.test.autoconfigure.web.servlet.MockMvcPrintOnlyOnFailureTestExecutionListener@ee15d22, org.springframework.boot.test.autoconfigure.web.servlet.WebDriverTestExecutionListener@5b90c8dd, org.springframework.boot.test.mock.mockito.ResetMocksTestExecutionListener@2dbdb19c]
22:37:42.797 [Test worker] DEBUG org.springframework.test.annotation.ProfileValueUtils - Retrieved @ProfileValueSourceConfiguration [null] for test class [com.springboot.book.springboot.web.IndexControllerTest]
22:37:42.798 [Test worker] DEBUG org.springframework.test.annotation.ProfileValueUtils - Retrieved ProfileValueSource type [class org.springframework.test.annotation.SystemProfileValueSource] for class [com.springboot.book.springboot.web.IndexControllerTest]
22:37:42.802 [Test worker] DEBUG org.springframework.test.annotation.ProfileValueUtils - Retrieved @ProfileValueSourceConfiguration [null] for test class [com.springboot.book.springboot.web.IndexControllerTest]
22:37:42.802 [Test worker] DEBUG org.springframework.test.annotation.ProfileValueUtils - Retrieved ProfileValueSource type [class org.springframework.test.annotation.SystemProfileValueSource] for class [com.springboot.book.springboot.web.IndexControllerTest]
22:37:42.802 [Test worker] DEBUG org.springframework.test.annotation.ProfileValueUtils - Retrieved @ProfileValueSourceConfiguration [null] for test class [com.springboot.book.springboot.web.IndexControllerTest]
22:37:42.802 [Test worker] DEBUG org.springframework.test.annotation.ProfileValueUtils - Retrieved ProfileValueSource type [class org.springframework.test.annotation.SystemProfileValueSource] for class [com.springboot.book.springboot.web.IndexControllerTest]
22:37:42.805 [Test worker] DEBUG org.springframework.test.context.support.AbstractDirtiesContextTestExecutionListener - Before test class: context [DefaultTestContext@2314b293 testClass = IndexControllerTest, testInstance = [null], testMethod = [null], testException = [null], mergedContextConfiguration = [WebMergedContextConfiguration@7a512703 testClass = IndexControllerTest, locations = '{}', classes = '{class com.springboot.book.springboot.Application}', contextInitializerClasses = '[]', activeProfiles = '{}', propertySourceLocations = '{}', propertySourceProperties = '{org.springframework.boot.test.context.SpringBootTestContextBootstrapper=true, server.port=0}', contextCustomizers = set[org.springframework.boot.test.autoconfigure.properties.PropertyMappingContextCustomizer@0, org.springframework.boot.test.autoconfigure.web.servlet.WebDriverContextCustomizerFactory$Customizer@39eb913e, org.springframework.boot.test.context.filter.ExcludeFilterContextCustomizer@40318e33, org.springframework.boot.test.json.DuplicateJsonObjectContextCustomizerFactory$DuplicateJsonObjectContextCustomizer@32fc580a, org.springframework.boot.test.mock.mockito.MockitoContextCustomizer@0, org.springframework.boot.test.web.client.TestRestTemplateContextCustomizer@5e40343b], resourceBasePath = 'src/main/webapp', contextLoader = 'org.springframework.boot.test.context.SpringBootContextLoader', parent = [null]], attributes = map['org.springframework.test.context.web.ServletTestExecutionListener.activateListener' -> false]], class annotated with @DirtiesContext [false] with mode [null].
22:37:42.806 [Test worker] DEBUG org.springframework.test.annotation.ProfileValueUtils - Retrieved @ProfileValueSourceConfiguration [null] for test class [com.springboot.book.springboot.web.IndexControllerTest]
22:37:42.806 [Test worker] DEBUG org.springframework.test.annotation.ProfileValueUtils - Retrieved ProfileValueSource type [class org.springframework.test.annotation.SystemProfileValueSource] for class [com.springboot.book.springboot.web.IndexControllerTest]
22:37:42.810 [Test worker] DEBUG org.springframework.test.context.support.DependencyInjectionTestExecutionListener - Performing dependency injection for test context [[DefaultTestContext@2314b293 testClass = IndexControllerTest, testInstance = com.springboot.book.springboot.web.IndexControllerTest@557af93c, testMethod = [null], testException = [null], mergedContextConfiguration = [WebMergedContextConfiguration@7a512703 testClass = IndexControllerTest, locations = '{}', classes = '{class com.springboot.book.springboot.Application}', contextInitializerClasses = '[]', activeProfiles = '{}', propertySourceLocations = '{}', propertySourceProperties = '{org.springframework.boot.test.context.SpringBootTestContextBootstrapper=true, server.port=0}', contextCustomizers = set[org.springframework.boot.test.autoconfigure.properties.PropertyMappingContextCustomizer@0, org.springframework.boot.test.autoconfigure.web.servlet.WebDriverContextCustomizerFactory$Customizer@39eb913e, org.springframework.boot.test.context.filter.ExcludeFilterContextCustomizer@40318e33, org.springframework.boot.test.json.DuplicateJsonObjectContextCustomizerFactory$DuplicateJsonObjectContextCustomizer@32fc580a, org.springframework.boot.test.mock.mockito.MockitoContextCustomizer@0, org.springframework.boot.test.web.client.TestRestTemplateContextCustomizer@5e40343b], resourceBasePath = 'src/main/webapp', contextLoader = 'org.springframework.boot.test.context.SpringBootContextLoader', parent = [null]], attributes = map['org.springframework.test.context.web.ServletTestExecutionListener.activateListener' -> false]]].
22:37:42.824 [Test worker] DEBUG org.springframework.test.context.support.TestPropertySourceUtils - Adding inlined properties to environment: {spring.jmx.enabled=false, org.springframework.boot.test.context.SpringBootTestContextBootstrapper=true, server.port=0}

  .   ____          _            __ _ _
 /\\ / ___'_ __ _ _(_)_ __  __ _ \ \ \ \
( ( )\___ | '_ | '_| | '_ \/ _` | \ \ \ \
 \\/  ___)| |_)| | | | | || (_| |  ) ) ) )
  '  |____| .__|_| |_|_| |_\__, | / / / /
 =========|_|==============|___/=/_/_/_/
 :: Spring Boot ::        (v2.1.7.RELEASE)

2020-08-13 22:37:43.033  INFO 1297 --- [    Test worker] c.s.b.s.web.IndexControllerTest          : Starting IndexControllerTest on kkulbeol-uidalkomhan-yeohaeng.local with PID 1297 (started by aratishappy in /Users/aratishappy/intelliJ/springboot2-webservice)
2020-08-13 22:37:43.035  INFO 1297 --- [    Test worker] c.s.b.s.web.IndexControllerTest          : No active profile set, falling back to default profiles: default
2020-08-13 22:37:43.608  INFO 1297 --- [    Test worker] .s.d.r.c.RepositoryConfigurationDelegate : Bootstrapping Spring Data repositories in DEFAULT mode.
2020-08-13 22:37:43.662  INFO 1297 --- [    Test worker] .s.d.r.c.RepositoryConfigurationDelegate : Finished Spring Data repository scanning in 49ms. Found 1 repository interfaces.
2020-08-13 22:37:43.959  INFO 1297 --- [    Test worker] trationDelegate$BeanPostProcessorChecker : Bean 'org.springframework.transaction.annotation.ProxyTransactionManagementConfiguration' of type [org.springframework.transaction.annotation.ProxyTransactionManagementConfiguration$$EnhancerBySpringCGLIB$$9ff5b9bb] is not eligible for getting processed by all BeanPostProcessors (for example: not eligible for auto-proxying)
2020-08-13 22:37:44.249  INFO 1297 --- [    Test worker] o.s.b.w.embedded.tomcat.TomcatWebServer  : Tomcat initialized with port(s): 0 (http)
2020-08-13 22:37:44.273  INFO 1297 --- [    Test worker] o.apache.catalina.core.StandardService   : Starting service [Tomcat]
2020-08-13 22:37:44.273  INFO 1297 --- [    Test worker] org.apache.catalina.core.StandardEngine  : Starting Servlet engine: [Apache Tomcat/9.0.22]
2020-08-13 22:37:44.383  INFO 1297 --- [    Test worker] o.a.c.c.C.[Tomcat].[localhost].[/]       : Initializing Spring embedded WebApplicationContext
2020-08-13 22:37:44.383  INFO 1297 --- [    Test worker] o.s.web.context.ContextLoader            : Root WebApplicationContext: initialization completed in 1331 ms
2020-08-13 22:37:44.592  INFO 1297 --- [    Test worker] com.zaxxer.hikari.HikariDataSource       : HikariPool-1 - Starting...
2020-08-13 22:37:44.706  INFO 1297 --- [    Test worker] com.zaxxer.hikari.HikariDataSource       : HikariPool-1 - Start completed.
2020-08-13 22:37:44.764  INFO 1297 --- [    Test worker] o.hibernate.jpa.internal.util.LogHelper  : HHH000204: Processing PersistenceUnitInfo [
	name: default
	...]
2020-08-13 22:37:44.813  INFO 1297 --- [    Test worker] org.hibernate.Version                    : HHH000412: Hibernate Core {5.3.10.Final}
2020-08-13 22:37:44.814  INFO 1297 --- [    Test worker] org.hibernate.cfg.Environment            : HHH000206: hibernate.properties not found
2020-08-13 22:37:44.920  INFO 1297 --- [    Test worker] o.hibernate.annotations.common.Version   : HCANN000001: Hibernate Commons Annotations {5.0.4.Final}
2020-08-13 22:37:45.020  INFO 1297 --- [    Test worker] org.hibernate.dialect.Dialect            : HHH000400: Using dialect: org.hibernate.dialect.MySQL5InnoDBDialect
Hibernate: drop table if exists posts
Hibernate: create table posts (id bigint not null auto_increment, created_date datetime, modified_date datetime, author varchar(255), content TEXT not null, title varchar(500) not null, primary key (id)) engine=InnoDB
2020-08-13 22:37:45.475  INFO 1297 --- [    Test worker] o.h.t.schema.internal.SchemaCreatorImpl  : HHH000476: Executing import script 'org.hibernate.tool.schema.internal.exec.ScriptSourceInputNonExistentImpl@6fcaecbe'
2020-08-13 22:37:45.478  INFO 1297 --- [    Test worker] j.LocalContainerEntityManagerFactoryBean : Initialized JPA EntityManagerFactory for persistence unit 'default'
2020-08-13 22:37:45.939  INFO 1297 --- [    Test worker] o.s.s.concurrent.ThreadPoolTaskExecutor  : Initializing ExecutorService 'applicationTaskExecutor'
2020-08-13 22:37:45.974  WARN 1297 --- [    Test worker] aWebConfiguration$JpaWebMvcConfiguration : spring.jpa.open-in-view is enabled by default. Therefore, database queries may be performed during view rendering. Explicitly configure spring.jpa.open-in-view to disable this warning
2020-08-13 22:37:46.006  INFO 1297 --- [    Test worker] o.s.b.a.w.s.WelcomePageHandlerMapping    : Adding welcome page template: index
2020-08-13 22:37:46.215  INFO 1297 --- [    Test worker] o.s.b.w.embedded.tomcat.TomcatWebServer  : Tomcat started on port(s): 49672 (http) with context path ''
2020-08-13 22:37:46.217  INFO 1297 --- [    Test worker] c.s.b.s.web.IndexControllerTest          : Started IndexControllerTest in 3.392 seconds (JVM running for 4.039)
2020-08-13 22:37:46.369  INFO 1297 --- [o-auto-1-exec-1] o.a.c.c.C.[Tomcat].[localhost].[/]       : Initializing Spring DispatcherServlet 'dispatcherServlet'
2020-08-13 22:37:46.369  INFO 1297 --- [o-auto-1-exec-1] o.s.web.servlet.DispatcherServlet        : Initializing Servlet 'dispatcherServlet'
2020-08-13 22:37:46.384  INFO 1297 --- [o-auto-1-exec-1] o.s.web.servlet.DispatcherServlet        : Completed initialization in 14 ms
]]></system-out>
  <system-err><![CDATA[]]></system-err>
</testsuite>
